<?xml version="1.0" encoding="UTF-8"?>
<testng-results ignored="0" total="2" passed="2" failed="0" skipped="0">
  <reporter-output>
  </reporter-output>
  <suite started-at="2026-08-27T03:25:17 IST" name="Master Suite" finished-at="2026-08-27T03:25:35 IST" duration-ms="18661">
    <groups>
      <group name="Master">
        <method signature="TC001_AccountregistrationTest.verify_account_registration()[pri:0, instance:testCases.TC001_AccountregistrationTest@246f8b8b]" name="verify_account_registration" class="testCases.TC001_AccountregistrationTest"/>
        <method signature="TC002_LoginTest.verify_Login()[pri:0, instance:testCases.TC002_LoginTest@5c42d2b7]" name="verify_Login" class="testCases.TC002_LoginTest"/>
      </group> <!-- Master -->
      <group name="Sanity">
        <method signature="TC002_LoginTest.verify_Login()[pri:0, instance:testCases.TC002_LoginTest@5c42d2b7]" name="verify_Login" class="testCases.TC002_LoginTest"/>
      </group> <!-- Sanity -->
      <group name="Regression">
        <method signature="TC001_AccountregistrationTest.verify_account_registration()[pri:0, instance:testCases.TC001_AccountregistrationTest@246f8b8b]" name="verify_account_registration" class="testCases.TC001_AccountregistrationTest"/>
      </group> <!-- Regression -->
    </groups>
    <test started-at="2026-08-27T03:25:17 IST" name="Test" finished-at="2026-08-27T03:25:35 IST" duration-ms="18661">
      <class name="testCases.TC002_LoginTest">
        <test-method is-config="true" signature="setup(java.lang.String,java.lang.String)[pri:0, instance:testCases.TC002_LoginTest@5c42d2b7]" started-at="2026-08-27T03:25:27 IST" name="setup" finished-at="2026-08-27T03:25:31 IST" duration-ms="4021" status="PASS">
          <params>
            <param index="0">
              <value>
                <![CDATA[windows]]>
              </value>
            </param>
            <param index="1">
              <value>
                <![CDATA[chrome]]>
              </value>
            </param>
          </params>
          <reporter-output>
          </reporter-output>
        </test-method> <!-- setup -->
        <test-method signature="verify_Login()[pri:0, instance:testCases.TC002_LoginTest@5c42d2b7]" started-at="2026-08-27T03:25:31 IST" name="verify_Login" finished-at="2026-08-27T03:25:34 IST" duration-ms="3792" status="PASS">
          <reporter-output>
          </reporter-output>
        </test-method> <!-- verify_Login -->
        <test-method is-config="true" signature="tearDown()[pri:0, instance:testCases.TC002_LoginTest@5c42d2b7]" started-at="2026-08-27T03:25:34 IST" name="tearDown" finished-at="2026-08-27T03:25:35 IST" duration-ms="788" status="PASS">
          <reporter-output>
          </reporter-output>
        </test-method> <!-- tearDown -->
      </class> <!-- testCases.TC002_LoginTest -->
      <class name="testCases.TC001_AccountregistrationTest">
        <test-method is-config="true" signature="setup(java.lang.String,java.lang.String)[pri:0, instance:testCases.TC001_AccountregistrationTest@246f8b8b]" started-at="2026-08-27T03:25:17 IST" name="setup" finished-at="2026-08-27T03:25:23 IST" duration-ms="5949" status="PASS">
          <params>
            <param index="0">
              <value>
                <![CDATA[windows]]>
              </value>
            </param>
            <param index="1">
              <value>
                <![CDATA[chrome]]>
              </value>
            </param>
          </params>
          <reporter-output>
          </reporter-output>
        </test-method> <!-- setup -->
        <test-method signature="verify_account_registration()[pri:0, instance:testCases.TC001_AccountregistrationTest@246f8b8b]" started-at="2026-08-27T03:25:23 IST" name="verify_account_registration" finished-at="2026-08-27T03:25:25 IST" duration-ms="2331" status="PASS">
          <reporter-output>
          </reporter-output>
        </test-method> <!-- verify_account_registration -->
        <test-method is-config="true" signature="tearDown()[pri:0, instance:testCases.TC001_AccountregistrationTest@246f8b8b]" started-at="2026-08-27T03:25:26 IST" name="tearDown" finished-at="2026-08-27T03:25:27 IST" duration-ms="1051" status="PASS">
          <reporter-output>
          </reporter-output>
        </test-method> <!-- tearDown -->
      </class> <!-- testCases.TC001_AccountregistrationTest -->
    </test> <!-- Test -->
  </suite> <!-- Master Suite -->
</testng-results>
