<?xml version="1.0" encoding="UTF-8"?>
<testng-results ignored="0" total="2" passed="2" failed="0" skipped="0">
  <reporter-output>
  </reporter-output>
  <suite started-at="2026-08-29T03:35:20 IST" name="Master Suite" finished-at="2026-08-29T03:35:38 IST" duration-ms="18602">
    <groups>
      <group name="Master">
        <method signature="TC001_AccountregistrationTest.verify_account_registration()[pri:0, instance:testCases.TC001_AccountregistrationTest@5b444398]" name="verify_account_registration" class="testCases.TC001_AccountregistrationTest"/>
        <method signature="TC002_LoginTest.verify_Login()[pri:0, instance:testCases.TC002_LoginTest@1f2f9244]" name="verify_Login" class="testCases.TC002_LoginTest"/>
      </group> <!-- Master -->
      <group name="Sanity">
        <method signature="TC002_LoginTest.verify_Login()[pri:0, instance:testCases.TC002_LoginTest@1f2f9244]" name="verify_Login" class="testCases.TC002_LoginTest"/>
      </group> <!-- Sanity -->
      <group name="Regression">
        <method signature="TC001_AccountregistrationTest.verify_account_registration()[pri:0, instance:testCases.TC001_AccountregistrationTest@5b444398]" name="verify_account_registration" class="testCases.TC001_AccountregistrationTest"/>
      </group> <!-- Regression -->
    </groups>
    <test started-at="2026-08-29T03:35:20 IST" name="Test" finished-at="2026-08-29T03:35:38 IST" duration-ms="18602">
      <class name="testCases.TC002_LoginTest">
        <test-method is-config="true" signature="setup(java.lang.String,java.lang.String)[pri:0, instance:testCases.TC002_LoginTest@1f2f9244]" started-at="2026-08-29T03:35:30 IST" name="setup" finished-at="2026-08-29T03:35:35 IST" duration-ms="4148" status="PASS">
          <params>
            <param index="0">
              <value>
                <![CDATA[windows]]>
              </value>
            </param>
            <param index="1">
              <value>
                <![CDATA[chrome]]>
              </value>
            </param>
          </params>
          <reporter-output>
          </reporter-output>
        </test-method> <!-- setup -->
        <test-method signature="verify_Login()[pri:0, instance:testCases.TC002_LoginTest@1f2f9244]" started-at="2026-08-29T03:35:35 IST" name="verify_Login" finished-at="2026-08-29T03:35:38 IST" duration-ms="3144" status="PASS">
          <reporter-output>
          </reporter-output>
        </test-method> <!-- verify_Login -->
        <test-method is-config="true" signature="tearDown()[pri:0, instance:testCases.TC002_LoginTest@1f2f9244]" started-at="2026-08-29T03:35:38 IST" name="tearDown" finished-at="2026-08-29T03:35:38 IST" duration-ms="565" status="PASS">
          <reporter-output>
          </reporter-output>
        </test-method> <!-- tearDown -->
      </class> <!-- testCases.TC002_LoginTest -->
      <class name="testCases.TC001_AccountregistrationTest">
        <test-method is-config="true" signature="setup(java.lang.String,java.lang.String)[pri:0, instance:testCases.TC001_AccountregistrationTest@5b444398]" started-at="2026-08-29T03:35:20 IST" name="setup" finished-at="2026-08-29T03:35:26 IST" duration-ms="6428" status="PASS">
          <params>
            <param index="0">
              <value>
                <![CDATA[windows]]>
              </value>
            </param>
            <param index="1">
              <value>
                <![CDATA[chrome]]>
              </value>
            </param>
          </params>
          <reporter-output>
          </reporter-output>
        </test-method> <!-- setup -->
        <test-method signature="verify_account_registration()[pri:0, instance:testCases.TC001_AccountregistrationTest@5b444398]" started-at="2026-08-29T03:35:26 IST" name="verify_account_registration" finished-at="2026-08-29T03:35:30 IST" duration-ms="3108" status="PASS">
          <reporter-output>
          </reporter-output>
        </test-method> <!-- verify_account_registration -->
        <test-method is-config="true" signature="tearDown()[pri:0, instance:testCases.TC001_AccountregistrationTest@5b444398]" started-at="2026-08-29T03:35:30 IST" name="tearDown" finished-at="2026-08-29T03:35:30 IST" duration-ms="748" status="PASS">
          <reporter-output>
          </reporter-output>
        </test-method> <!-- tearDown -->
      </class> <!-- testCases.TC001_AccountregistrationTest -->
    </test> <!-- Test -->
  </suite> <!-- Master Suite -->
</testng-results>
