<?xml version="1.0" encoding="UTF-8"?>
<testng-results ignored="0" total="4" passed="4" failed="0" skipped="0">
  <reporter-output>
  </reporter-output>
  <suite started-at="2026-08-27T02:00:51 IST" name="Grid-docker Suite" finished-at="2026-08-27T02:02:00 IST" duration-ms="68686">
    <groups>
      <group name="Master">
        <method signature="TC001_AccountregistrationTest.verify_account_registration()[pri:0, instance:testCases.TC001_AccountregistrationTest@b78a709]" name="verify_account_registration" class="testCases.TC001_AccountregistrationTest"/>
        <method signature="TC002_LoginTest.verify_Login()[pri:0, instance:testCases.TC002_LoginTest@42f48531]" name="verify_Login" class="testCases.TC002_LoginTest"/>
        <method signature="TC001_AccountregistrationTest.verify_account_registration()[pri:0, instance:testCases.TC001_AccountregistrationTest@4cc6fa2a]" name="verify_account_registration" class="testCases.TC001_AccountregistrationTest"/>
        <method signature="TC002_LoginTest.verify_Login()[pri:0, instance:testCases.TC002_LoginTest@40f1be1b]" name="verify_Login" class="testCases.TC002_LoginTest"/>
      </group> <!-- Master -->
      <group name="Sanity">
        <method signature="TC002_LoginTest.verify_Login()[pri:0, instance:testCases.TC002_LoginTest@42f48531]" name="verify_Login" class="testCases.TC002_LoginTest"/>
        <method signature="TC002_LoginTest.verify_Login()[pri:0, instance:testCases.TC002_LoginTest@40f1be1b]" name="verify_Login" class="testCases.TC002_LoginTest"/>
      </group> <!-- Sanity -->
      <group name="Regression">
        <method signature="TC001_AccountregistrationTest.verify_account_registration()[pri:0, instance:testCases.TC001_AccountregistrationTest@b78a709]" name="verify_account_registration" class="testCases.TC001_AccountregistrationTest"/>
        <method signature="TC001_AccountregistrationTest.verify_account_registration()[pri:0, instance:testCases.TC001_AccountregistrationTest@4cc6fa2a]" name="verify_account_registration" class="testCases.TC001_AccountregistrationTest"/>
      </group> <!-- Regression -->
    </groups>
    <test started-at="2026-08-27T02:00:51 IST" name="Linux-Chrome" finished-at="2026-08-27T02:01:12 IST" duration-ms="20767">
      <class name="testCases.TC002_LoginTest">
        <test-method is-config="true" signature="setup(java.lang.String,java.lang.String)[pri:0, instance:testCases.TC002_LoginTest@42f48531]" started-at="2026-08-27T02:01:04 IST" name="setup" finished-at="2026-08-27T02:01:09 IST" duration-ms="4647" status="PASS">
          <params>
            <param index="0">
              <value>
                <![CDATA[linux]]>
              </value>
            </param>
            <param index="1">
              <value>
                <![CDATA[chrome]]>
              </value>
            </param>
          </params>
          <reporter-output>
          </reporter-output>
        </test-method> <!-- setup -->
        <test-method signature="verify_Login()[pri:0, instance:testCases.TC002_LoginTest@42f48531]" started-at="2026-08-27T02:01:09 IST" name="verify_Login" finished-at="2026-08-27T02:01:12 IST" duration-ms="2599" status="PASS">
          <reporter-output>
          </reporter-output>
        </test-method> <!-- verify_Login -->
        <test-method is-config="true" signature="tearDown()[pri:0, instance:testCases.TC002_LoginTest@42f48531]" started-at="2026-08-27T02:01:12 IST" name="tearDown" finished-at="2026-08-27T02:01:12 IST" duration-ms="530" status="PASS">
          <reporter-output>
          </reporter-output>
        </test-method> <!-- tearDown -->
      </class> <!-- testCases.TC002_LoginTest -->
      <class name="testCases.TC001_AccountregistrationTest">
        <test-method is-config="true" signature="setup(java.lang.String,java.lang.String)[pri:0, instance:testCases.TC001_AccountregistrationTest@b78a709]" started-at="2026-08-27T02:00:52 IST" name="setup" finished-at="2026-08-27T02:00:58 IST" duration-ms="6366" status="PASS">
          <params>
            <param index="0">
              <value>
                <![CDATA[linux]]>
              </value>
            </param>
            <param index="1">
              <value>
                <![CDATA[chrome]]>
              </value>
            </param>
          </params>
          <reporter-output>
          </reporter-output>
        </test-method> <!-- setup -->
        <test-method signature="verify_account_registration()[pri:0, instance:testCases.TC001_AccountregistrationTest@b78a709]" started-at="2026-08-27T02:00:58 IST" name="verify_account_registration" finished-at="2026-08-27T02:01:03 IST" duration-ms="4686" status="PASS">
          <reporter-output>
          </reporter-output>
        </test-method> <!-- verify_account_registration -->
        <test-method is-config="true" signature="tearDown()[pri:0, instance:testCases.TC001_AccountregistrationTest@b78a709]" started-at="2026-08-27T02:01:03 IST" name="tearDown" finished-at="2026-08-27T02:01:04 IST" duration-ms="1223" status="PASS">
          <reporter-output>
          </reporter-output>
        </test-method> <!-- tearDown -->
      </class> <!-- testCases.TC001_AccountregistrationTest -->
    </test> <!-- Linux-Chrome -->
    <test started-at="2026-08-27T02:01:14 IST" name="Linux-firefox" finished-at="2026-08-27T02:02:00 IST" duration-ms="45880">
      <class name="testCases.TC002_LoginTest">
        <test-method is-config="true" signature="setup(java.lang.String,java.lang.String)[pri:0, instance:testCases.TC002_LoginTest@40f1be1b]" started-at="2026-08-27T02:01:38 IST" name="setup" finished-at="2026-08-27T02:01:54 IST" duration-ms="15746" status="PASS">
          <params>
            <param index="0">
              <value>
                <![CDATA[linux]]>
              </value>
            </param>
            <param index="1">
              <value>
                <![CDATA[firefox]]>
              </value>
            </param>
          </params>
          <reporter-output>
          </reporter-output>
        </test-method> <!-- setup -->
        <test-method signature="verify_Login()[pri:0, instance:testCases.TC002_LoginTest@40f1be1b]" started-at="2026-08-27T02:01:54 IST" name="verify_Login" finished-at="2026-08-27T02:01:57 IST" duration-ms="3745" status="PASS">
          <reporter-output>
          </reporter-output>
        </test-method> <!-- verify_Login -->
        <test-method is-config="true" signature="tearDown()[pri:0, instance:testCases.TC002_LoginTest@40f1be1b]" started-at="2026-08-27T02:01:57 IST" name="tearDown" finished-at="2026-08-27T02:02:00 IST" duration-ms="2745" status="PASS">
          <reporter-output>
          </reporter-output>
        </test-method> <!-- tearDown -->
      </class> <!-- testCases.TC002_LoginTest -->
      <class name="testCases.TC001_AccountregistrationTest">
        <test-method is-config="true" signature="setup(java.lang.String,java.lang.String)[pri:0, instance:testCases.TC001_AccountregistrationTest@4cc6fa2a]" started-at="2026-08-27T02:01:14 IST" name="setup" finished-at="2026-08-27T02:01:31 IST" duration-ms="16691" status="PASS">
          <params>
            <param index="0">
              <value>
                <![CDATA[linux]]>
              </value>
            </param>
            <param index="1">
              <value>
                <![CDATA[firefox]]>
              </value>
            </param>
          </params>
          <reporter-output>
          </reporter-output>
        </test-method> <!-- setup -->
        <test-method signature="verify_account_registration()[pri:0, instance:testCases.TC001_AccountregistrationTest@4cc6fa2a]" started-at="2026-08-27T02:01:31 IST" name="verify_account_registration" finished-at="2026-08-27T02:01:35 IST" duration-ms="4387" status="PASS">
          <reporter-output>
          </reporter-output>
        </test-method> <!-- verify_account_registration -->
        <test-method is-config="true" signature="tearDown()[pri:0, instance:testCases.TC001_AccountregistrationTest@4cc6fa2a]" started-at="2026-08-27T02:01:35 IST" name="tearDown" finished-at="2026-08-27T02:01:38 IST" duration-ms="2551" status="PASS">
          <reporter-output>
          </reporter-output>
        </test-method> <!-- tearDown -->
      </class> <!-- testCases.TC001_AccountregistrationTest -->
    </test> <!-- Linux-firefox -->
  </suite> <!-- Grid-docker Suite -->
</testng-results>
