<?xml version="1.0" encoding="UTF-8"?>
<!-- Generated by org.testng.reporters.JUnitReportReporter -->
<testsuite hostname="DESKTOP-SCVLJMK" failures="0" tests="2" name="testCases.TC001_AccountregistrationTest" time="9.073" errors="0" timestamp="2026-08-27T02:02:03 IST" skipped="0">
  <testcase classname="testCases.TC001_AccountregistrationTest" name="verify_account_registration" time="4.686"/>
  <testcase classname="testCases.TC001_AccountregistrationTest" name="verify_account_registration" time="4.387"/>
</testsuite> <!-- testCases.TC001_AccountregistrationTest -->
