<?xml version="1.0" encoding="UTF-8"?>
<!-- Generated by org.testng.reporters.JUnitXMLReporter -->
<testsuite ignored="0" hostname="DESKTOP-SCVLJMK" failures="1" tests="1" name="Chrome Test" time="12.273" errors="0" timestamp="2026-08-27T01:40:04 IST">
  <testcase classname="testCases.TC001_AccountregistrationTest" name="verify_account_registration" time="10.471">
    <failure type="java.lang.AssertionError" message="null">
      <![CDATA[java.lang.AssertionError: null
at testCases.TC001_AccountregistrationTest.verify_account_registration(TC001_AccountregistrationTest.java:47)
at java.base/java.util.ArrayList.forEach(ArrayList.java:1541)
... Removed 29 stack frames]]>
    </failure>
  </testcase> <!-- verify_account_registration -->
</testsuite> <!-- Chrome Test -->
